<?xml version="1.0" encoding="UTF-8"?>
<testsuite xmlns:xsi="http://www.w3.org/2001/XMLSchema-instance" xsi:noNamespaceSchemaLocation="https://maven.apache.org/surefire/maven-surefire-plugin/xsd/surefire-test-report.xsd" name="com.jabaprac.webapp.AppTest" time="0.042" tests="1" errors="0" skipped="0" failures="0">
  <properties>
    <property name="java.specification.version" value="19"/>
    <property name="sun.jnu.encoding" value="UTF-8"/>
    <property name="java.class.path" value="/home/xnpst/IdeaProjects/webapp/target/test-classes:/home/xnpst/IdeaProjects/webapp/target/classes:/home/xnpst/.m2/repository/junit/junit/4.13.1/junit-4.13.1.jar:/home/xnpst/.m2/repository/org/hamcrest/hamcrest-core/1.3/hamcrest-core-1.3.jar:/home/xnpst/.m2/repository/org/springframework/spring-core/6.0.4/spring-core-6.0.4.jar:/home/xnpst/.m2/repository/org/springframework/spring-jcl/6.0.4/spring-jcl-6.0.4.jar:/home/xnpst/.m2/repository/org/springframework/spring-context/6.0.4/spring-context-6.0.4.jar:/home/xnpst/.m2/repository/org/springframework/spring-aop/6.0.4/spring-aop-6.0.4.jar:/home/xnpst/.m2/repository/org/springframework/spring-beans/6.0.4/spring-beans-6.0.4.jar:/home/xnpst/.m2/repository/org/springframework/spring-expression/6.0.4/spring-expression-6.0.4.jar:/home/xnpst/.m2/repository/org/springframework/spring-web/6.0.4/spring-web-6.0.4.jar:/home/xnpst/.m2/repository/io/micrometer/micrometer-observation/1.10.3/micrometer-observation-1.10.3.jar:/home/xnpst/.m2/repository/io/micrometer/micrometer-commons/1.10.3/micrometer-commons-1.10.3.jar:/home/xnpst/.m2/repository/org/springframework/spring-webmvc/6.0.4/spring-webmvc-6.0.4.jar:/home/xnpst/.m2/repository/org/thymeleaf/thymeleaf-spring6/3.1.1.RELEASE/thymeleaf-spring6-3.1.1.RELEASE.jar:/home/xnpst/.m2/repository/org/thymeleaf/thymeleaf/3.1.1.RELEASE/thymeleaf-3.1.1.RELEASE.jar:/home/xnpst/.m2/repository/org/attoparser/attoparser/2.0.6.RELEASE/attoparser-2.0.6.RELEASE.jar:/home/xnpst/.m2/repository/org/unbescape/unbescape/1.1.6.RELEASE/unbescape-1.1.6.RELEASE.jar:/home/xnpst/.m2/repository/org/slf4j/slf4j-api/2.0.5/slf4j-api-2.0.5.jar:/home/xnpst/.m2/repository/org/apache/maven/plugins/maven-install-plugin/2.4/maven-install-plugin-2.4.jar:/home/xnpst/.m2/repository/org/apache/maven/maven-plugin-api/2.0.6/maven-plugin-api-2.0.6.jar:/home/xnpst/.m2/repository/org/apache/maven/maven-project/2.0.6/maven-project-2.0.6.jar:/home/xnpst/.m2/repository/org/apache/maven/maven-settings/2.0.6/maven-settings-2.0.6.jar:/home/xnpst/.m2/repository/org/apache/maven/maven-profile/2.0.6/maven-profile-2.0.6.jar:/home/xnpst/.m2/repository/org/apache/maven/maven-plugin-registry/2.0.6/maven-plugin-registry-2.0.6.jar:/home/xnpst/.m2/repository/org/codehaus/plexus/plexus-container-default/1.0-alpha-9-stable-1/plexus-container-default-1.0-alpha-9-stable-1.jar:/home/xnpst/.m2/repository/classworlds/classworlds/1.1-alpha-2/classworlds-1.1-alpha-2.jar:/home/xnpst/.m2/repository/org/apache/maven/maven-model/2.0.6/maven-model-2.0.6.jar:/home/xnpst/.m2/repository/org/apache/maven/maven-artifact-manager/2.0.6/maven-artifact-manager-2.0.6.jar:/home/xnpst/.m2/repository/org/apache/maven/maven-repository-metadata/2.0.6/maven-repository-metadata-2.0.6.jar:/home/xnpst/.m2/repository/org/apache/maven/wagon/wagon-provider-api/1.0-beta-2/wagon-provider-api-1.0-beta-2.jar:/home/xnpst/.m2/repository/org/apache/maven/maven-artifact/2.0.6/maven-artifact-2.0.6.jar:/home/xnpst/.m2/repository/org/codehaus/plexus/plexus-utils/3.0.5/plexus-utils-3.0.5.jar:/home/xnpst/.m2/repository/org/codehaus/plexus/plexus-digest/1.0/plexus-digest-1.0.jar:/home/xnpst/.m2/repository/org/apache/maven/plugins/maven-deploy-plugin/2.7/maven-deploy-plugin-2.7.jar:/home/xnpst/.m2/repository/jakarta/servlet/jakarta.servlet-api/5.0.0/jakarta.servlet-api-5.0.0.jar:/home/xnpst/.m2/repository/jakarta/servlet/jsp/jakarta.servlet.jsp-api/3.0.0/jakarta.servlet.jsp-api-3.0.0.jar:/home/xnpst/.m2/repository/jakarta/el/jakarta.el-api/4.0.0/jakarta.el-api-4.0.0.jar:/home/xnpst/.m2/repository/jakarta/websocket/jakarta.websocket-api/2.0.0/jakarta.websocket-api-2.0.0.jar:/home/xnpst/.m2/repository/jakarta/security/enterprise/jakarta.security.enterprise-api/2.0.0/jakarta.security.enterprise-api-2.0.0.jar:/home/xnpst/.m2/repository/org/apache/maven/plugins/maven-war-plugin/3.3.2/maven-war-plugin-3.3.2.jar:/home/xnpst/.m2/repository/org/apache/maven/maven-core/3.1.0/maven-core-3.1.0.jar:/home/xnpst/.m2/repository/org/apache/maven/maven-settings-builder/3.1.0/maven-settings-builder-3.1.0.jar:/home/xnpst/.m2/repository/org/apache/maven/maven-model-builder/3.1.0/maven-model-builder-3.1.0.jar:/home/xnpst/.m2/repository/org/apache/maven/maven-aether-provider/3.1.0/maven-aether-provider-3.1.0.jar:/home/xnpst/.m2/repository/org/eclipse/aether/aether-spi/0.9.0.M2/aether-spi-0.9.0.M2.jar:/home/xnpst/.m2/repository/org/eclipse/aether/aether-impl/0.9.0.M2/aether-impl-0.9.0.M2.jar:/home/xnpst/.m2/repository/org/eclipse/aether/aether-util/0.9.0.M2/aether-util-0.9.0.M2.jar:/home/xnpst/.m2/repository/org/codehaus/plexus/plexus-classworlds/2.4.2/plexus-classworlds-2.4.2.jar:/home/xnpst/.m2/repository/org/codehaus/plexus/plexus-component-annotations/1.5.5/plexus-component-annotations-1.5.5.jar:/home/xnpst/.m2/repository/org/sonatype/plexus/plexus-sec-dispatcher/1.3/plexus-sec-dispatcher-1.3.jar:/home/xnpst/.m2/repository/org/sonatype/plexus/plexus-cipher/1.4/plexus-cipher-1.4.jar:/home/xnpst/.m2/repository/org/apache/maven/maven-archiver/3.5.0/maven-archiver-3.5.0.jar:/home/xnpst/.m2/repository/org/apache/maven/shared/maven-shared-utils/3.2.1/maven-shared-utils-3.2.1.jar:/home/xnpst/.m2/repository/commons-io/commons-io/2.6/commons-io-2.6.jar:/home/xnpst/.m2/repository/org/codehaus/plexus/plexus-archiver/4.2.2/plexus-archiver-4.2.2.jar:/home/xnpst/.m2/repository/org/codehaus/plexus/plexus-io/3.2.0/plexus-io-3.2.0.jar:/home/xnpst/.m2/repository/org/apache/commons/commons-compress/1.20/commons-compress-1.20.jar:/home/xnpst/.m2/repository/org/iq80/snappy/snappy/0.4/snappy-0.4.jar:/home/xnpst/.m2/repository/org/tukaani/xz/1.8/xz-1.8.jar:/home/xnpst/.m2/repository/org/codehaus/plexus/plexus-interpolation/1.26/plexus-interpolation-1.26.jar:/home/xnpst/.m2/repository/org/apache/maven/shared/maven-filtering/3.1.1/maven-filtering-3.1.1.jar:/home/xnpst/.m2/repository/org/sonatype/plexus/plexus-build-api/0.0.7/plexus-build-api-0.0.7.jar:/home/xnpst/.m2/repository/org/apache/maven/shared/maven-mapping/3.0.0/maven-mapping-3.0.0.jar:/home/xnpst/.m2/repository/org/eclipse/aether/aether-api/0.9.0.M2/aether-api-0.9.0.M2.jar:/home/xnpst/.m2/repository/org/eclipse/sisu/org.eclipse.sisu.plexus/0.0.0.M2a/org.eclipse.sisu.plexus-0.0.0.M2a.jar:/home/xnpst/.m2/repository/javax/enterprise/cdi-api/1.0/cdi-api-1.0.jar:/home/xnpst/.m2/repository/javax/annotation/jsr250-api/1.0/jsr250-api-1.0.jar:/home/xnpst/.m2/repository/javax/inject/javax.inject/1/javax.inject-1.jar:/home/xnpst/.m2/repository/com/google/guava/guava/10.0.1/guava-10.0.1.jar:/home/xnpst/.m2/repository/com/google/code/findbugs/jsr305/1.3.9/jsr305-1.3.9.jar:/home/xnpst/.m2/repository/org/sonatype/sisu/sisu-guice/3.1.0/sisu-guice-3.1.0-no_aop.jar:/home/xnpst/.m2/repository/aopalliance/aopalliance/1.0/aopalliance-1.0.jar:/home/xnpst/.m2/repository/org/eclipse/sisu/org.eclipse.sisu.inject/0.0.0.M2a/org.eclipse.sisu.inject-0.0.0.M2a.jar:/home/xnpst/.m2/repository/asm/asm/3.3.1/asm-3.3.1.jar:/home/xnpst/.m2/repository/org/hibernate/orm/hibernate-core/6.1.7.Final/hibernate-core-6.1.7.Final.jar:/home/xnpst/.m2/repository/jakarta/persistence/jakarta.persistence-api/3.0.0/jakarta.persistence-api-3.0.0.jar:/home/xnpst/.m2/repository/jakarta/transaction/jakarta.transaction-api/2.0.0/jakarta.transaction-api-2.0.0.jar:/home/xnpst/.m2/repository/org/jboss/logging/jboss-logging/3.4.3.Final/jboss-logging-3.4.3.Final.jar:/home/xnpst/.m2/repository/org/hibernate/common/hibernate-commons-annotations/6.0.6.Final/hibernate-commons-annotations-6.0.6.Final.jar:/home/xnpst/.m2/repository/org/jboss/jandex/2.4.2.Final/jandex-2.4.2.Final.jar:/home/xnpst/.m2/repository/com/fasterxml/classmate/1.5.1/classmate-1.5.1.jar:/home/xnpst/.m2/repository/net/bytebuddy/byte-buddy/1.12.18/byte-buddy-1.12.18.jar:/home/xnpst/.m2/repository/jakarta/xml/bind/jakarta.xml.bind-api/3.0.1/jakarta.xml.bind-api-3.0.1.jar:/home/xnpst/.m2/repository/com/sun/activation/jakarta.activation/2.0.1/jakarta.activation-2.0.1.jar:/home/xnpst/.m2/repository/org/glassfish/jaxb/jaxb-runtime/3.0.2/jaxb-runtime-3.0.2.jar:/home/xnpst/.m2/repository/org/glassfish/jaxb/jaxb-core/3.0.2/jaxb-core-3.0.2.jar:/home/xnpst/.m2/repository/org/glassfish/jaxb/txw2/3.0.2/txw2-3.0.2.jar:/home/xnpst/.m2/repository/com/sun/istack/istack-commons-runtime/4.0.1/istack-commons-runtime-4.0.1.jar:/home/xnpst/.m2/repository/jakarta/inject/jakarta.inject-api/2.0.0/jakarta.inject-api-2.0.0.jar:/home/xnpst/.m2/repository/org/antlr/antlr4-runtime/4.10.1/antlr4-runtime-4.10.1.jar:/home/xnpst/.m2/repository/org/postgresql/postgresql/42.5.3/postgresql-42.5.3.jar:/home/xnpst/.m2/repository/org/checkerframework/checker-qual/3.5.0/checker-qual-3.5.0.jar:"/>
    <property name="java.vm.vendor" value="Oracle Corporation"/>
    <property name="sun.arch.data.model" value="64"/>
    <property name="java.vendor.url" value="https://java.oracle.com/"/>
    <property name="os.name" value="Linux"/>
    <property name="java.vm.specification.version" value="19"/>
    <property name="sun.java.launcher" value="SUN_STANDARD"/>
    <property name="user.country" value="US"/>
    <property name="sun.boot.library.path" value="/home/xnpst/.jdks/openjdk-19.0.2/lib"/>
    <property name="sun.java.command" value="/home/xnpst/IdeaProjects/webapp/target/surefire/surefirebooter6163544990630240708.jar /home/xnpst/IdeaProjects/webapp/target/surefire 2023-03-25T19-29-37_400-jvmRun1 surefire10273170802513152809tmp surefire_016610003967053132578tmp"/>
    <property name="jdk.debug" value="release"/>
    <property name="surefire.test.class.path" value="/home/xnpst/IdeaProjects/webapp/target/test-classes:/home/xnpst/IdeaProjects/webapp/target/classes:/home/xnpst/.m2/repository/junit/junit/4.13.1/junit-4.13.1.jar:/home/xnpst/.m2/repository/org/hamcrest/hamcrest-core/1.3/hamcrest-core-1.3.jar:/home/xnpst/.m2/repository/org/springframework/spring-core/6.0.4/spring-core-6.0.4.jar:/home/xnpst/.m2/repository/org/springframework/spring-jcl/6.0.4/spring-jcl-6.0.4.jar:/home/xnpst/.m2/repository/org/springframework/spring-context/6.0.4/spring-context-6.0.4.jar:/home/xnpst/.m2/repository/org/springframework/spring-aop/6.0.4/spring-aop-6.0.4.jar:/home/xnpst/.m2/repository/org/springframework/spring-beans/6.0.4/spring-beans-6.0.4.jar:/home/xnpst/.m2/repository/org/springframework/spring-expression/6.0.4/spring-expression-6.0.4.jar:/home/xnpst/.m2/repository/org/springframework/spring-web/6.0.4/spring-web-6.0.4.jar:/home/xnpst/.m2/repository/io/micrometer/micrometer-observation/1.10.3/micrometer-observation-1.10.3.jar:/home/xnpst/.m2/repository/io/micrometer/micrometer-commons/1.10.3/micrometer-commons-1.10.3.jar:/home/xnpst/.m2/repository/org/springframework/spring-webmvc/6.0.4/spring-webmvc-6.0.4.jar:/home/xnpst/.m2/repository/org/thymeleaf/thymeleaf-spring6/3.1.1.RELEASE/thymeleaf-spring6-3.1.1.RELEASE.jar:/home/xnpst/.m2/repository/org/thymeleaf/thymeleaf/3.1.1.RELEASE/thymeleaf-3.1.1.RELEASE.jar:/home/xnpst/.m2/repository/org/attoparser/attoparser/2.0.6.RELEASE/attoparser-2.0.6.RELEASE.jar:/home/xnpst/.m2/repository/org/unbescape/unbescape/1.1.6.RELEASE/unbescape-1.1.6.RELEASE.jar:/home/xnpst/.m2/repository/org/slf4j/slf4j-api/2.0.5/slf4j-api-2.0.5.jar:/home/xnpst/.m2/repository/org/apache/maven/plugins/maven-install-plugin/2.4/maven-install-plugin-2.4.jar:/home/xnpst/.m2/repository/org/apache/maven/maven-plugin-api/2.0.6/maven-plugin-api-2.0.6.jar:/home/xnpst/.m2/repository/org/apache/maven/maven-project/2.0.6/maven-project-2.0.6.jar:/home/xnpst/.m2/repository/org/apache/maven/maven-settings/2.0.6/maven-settings-2.0.6.jar:/home/xnpst/.m2/repository/org/apache/maven/maven-profile/2.0.6/maven-profile-2.0.6.jar:/home/xnpst/.m2/repository/org/apache/maven/maven-plugin-registry/2.0.6/maven-plugin-registry-2.0.6.jar:/home/xnpst/.m2/repository/org/codehaus/plexus/plexus-container-default/1.0-alpha-9-stable-1/plexus-container-default-1.0-alpha-9-stable-1.jar:/home/xnpst/.m2/repository/classworlds/classworlds/1.1-alpha-2/classworlds-1.1-alpha-2.jar:/home/xnpst/.m2/repository/org/apache/maven/maven-model/2.0.6/maven-model-2.0.6.jar:/home/xnpst/.m2/repository/org/apache/maven/maven-artifact-manager/2.0.6/maven-artifact-manager-2.0.6.jar:/home/xnpst/.m2/repository/org/apache/maven/maven-repository-metadata/2.0.6/maven-repository-metadata-2.0.6.jar:/home/xnpst/.m2/repository/org/apache/maven/wagon/wagon-provider-api/1.0-beta-2/wagon-provider-api-1.0-beta-2.jar:/home/xnpst/.m2/repository/org/apache/maven/maven-artifact/2.0.6/maven-artifact-2.0.6.jar:/home/xnpst/.m2/repository/org/codehaus/plexus/plexus-utils/3.0.5/plexus-utils-3.0.5.jar:/home/xnpst/.m2/repository/org/codehaus/plexus/plexus-digest/1.0/plexus-digest-1.0.jar:/home/xnpst/.m2/repository/org/apache/maven/plugins/maven-deploy-plugin/2.7/maven-deploy-plugin-2.7.jar:/home/xnpst/.m2/repository/jakarta/servlet/jakarta.servlet-api/5.0.0/jakarta.servlet-api-5.0.0.jar:/home/xnpst/.m2/repository/jakarta/servlet/jsp/jakarta.servlet.jsp-api/3.0.0/jakarta.servlet.jsp-api-3.0.0.jar:/home/xnpst/.m2/repository/jakarta/el/jakarta.el-api/4.0.0/jakarta.el-api-4.0.0.jar:/home/xnpst/.m2/repository/jakarta/websocket/jakarta.websocket-api/2.0.0/jakarta.websocket-api-2.0.0.jar:/home/xnpst/.m2/repository/jakarta/security/enterprise/jakarta.security.enterprise-api/2.0.0/jakarta.security.enterprise-api-2.0.0.jar:/home/xnpst/.m2/repository/org/apache/maven/plugins/maven-war-plugin/3.3.2/maven-war-plugin-3.3.2.jar:/home/xnpst/.m2/repository/org/apache/maven/maven-core/3.1.0/maven-core-3.1.0.jar:/home/xnpst/.m2/repository/org/apache/maven/maven-settings-builder/3.1.0/maven-settings-builder-3.1.0.jar:/home/xnpst/.m2/repository/org/apache/maven/maven-model-builder/3.1.0/maven-model-builder-3.1.0.jar:/home/xnpst/.m2/repository/org/apache/maven/maven-aether-provider/3.1.0/maven-aether-provider-3.1.0.jar:/home/xnpst/.m2/repository/org/eclipse/aether/aether-spi/0.9.0.M2/aether-spi-0.9.0.M2.jar:/home/xnpst/.m2/repository/org/eclipse/aether/aether-impl/0.9.0.M2/aether-impl-0.9.0.M2.jar:/home/xnpst/.m2/repository/org/eclipse/aether/aether-util/0.9.0.M2/aether-util-0.9.0.M2.jar:/home/xnpst/.m2/repository/org/codehaus/plexus/plexus-classworlds/2.4.2/plexus-classworlds-2.4.2.jar:/home/xnpst/.m2/repository/org/codehaus/plexus/plexus-component-annotations/1.5.5/plexus-component-annotations-1.5.5.jar:/home/xnpst/.m2/repository/org/sonatype/plexus/plexus-sec-dispatcher/1.3/plexus-sec-dispatcher-1.3.jar:/home/xnpst/.m2/repository/org/sonatype/plexus/plexus-cipher/1.4/plexus-cipher-1.4.jar:/home/xnpst/.m2/repository/org/apache/maven/maven-archiver/3.5.0/maven-archiver-3.5.0.jar:/home/xnpst/.m2/repository/org/apache/maven/shared/maven-shared-utils/3.2.1/maven-shared-utils-3.2.1.jar:/home/xnpst/.m2/repository/commons-io/commons-io/2.6/commons-io-2.6.jar:/home/xnpst/.m2/repository/org/codehaus/plexus/plexus-archiver/4.2.2/plexus-archiver-4.2.2.jar:/home/xnpst/.m2/repository/org/codehaus/plexus/plexus-io/3.2.0/plexus-io-3.2.0.jar:/home/xnpst/.m2/repository/org/apache/commons/commons-compress/1.20/commons-compress-1.20.jar:/home/xnpst/.m2/repository/org/iq80/snappy/snappy/0.4/snappy-0.4.jar:/home/xnpst/.m2/repository/org/tukaani/xz/1.8/xz-1.8.jar:/home/xnpst/.m2/repository/org/codehaus/plexus/plexus-interpolation/1.26/plexus-interpolation-1.26.jar:/home/xnpst/.m2/repository/org/apache/maven/shared/maven-filtering/3.1.1/maven-filtering-3.1.1.jar:/home/xnpst/.m2/repository/org/sonatype/plexus/plexus-build-api/0.0.7/plexus-build-api-0.0.7.jar:/home/xnpst/.m2/repository/org/apache/maven/shared/maven-mapping/3.0.0/maven-mapping-3.0.0.jar:/home/xnpst/.m2/repository/org/eclipse/aether/aether-api/0.9.0.M2/aether-api-0.9.0.M2.jar:/home/xnpst/.m2/repository/org/eclipse/sisu/org.eclipse.sisu.plexus/0.0.0.M2a/org.eclipse.sisu.plexus-0.0.0.M2a.jar:/home/xnpst/.m2/repository/javax/enterprise/cdi-api/1.0/cdi-api-1.0.jar:/home/xnpst/.m2/repository/javax/annotation/jsr250-api/1.0/jsr250-api-1.0.jar:/home/xnpst/.m2/repository/javax/inject/javax.inject/1/javax.inject-1.jar:/home/xnpst/.m2/repository/com/google/guava/guava/10.0.1/guava-10.0.1.jar:/home/xnpst/.m2/repository/com/google/code/findbugs/jsr305/1.3.9/jsr305-1.3.9.jar:/home/xnpst/.m2/repository/org/sonatype/sisu/sisu-guice/3.1.0/sisu-guice-3.1.0-no_aop.jar:/home/xnpst/.m2/repository/aopalliance/aopalliance/1.0/aopalliance-1.0.jar:/home/xnpst/.m2/repository/org/eclipse/sisu/org.eclipse.sisu.inject/0.0.0.M2a/org.eclipse.sisu.inject-0.0.0.M2a.jar:/home/xnpst/.m2/repository/asm/asm/3.3.1/asm-3.3.1.jar:/home/xnpst/.m2/repository/org/hibernate/orm/hibernate-core/6.1.7.Final/hibernate-core-6.1.7.Final.jar:/home/xnpst/.m2/repository/jakarta/persistence/jakarta.persistence-api/3.0.0/jakarta.persistence-api-3.0.0.jar:/home/xnpst/.m2/repository/jakarta/transaction/jakarta.transaction-api/2.0.0/jakarta.transaction-api-2.0.0.jar:/home/xnpst/.m2/repository/org/jboss/logging/jboss-logging/3.4.3.Final/jboss-logging-3.4.3.Final.jar:/home/xnpst/.m2/repository/org/hibernate/common/hibernate-commons-annotations/6.0.6.Final/hibernate-commons-annotations-6.0.6.Final.jar:/home/xnpst/.m2/repository/org/jboss/jandex/2.4.2.Final/jandex-2.4.2.Final.jar:/home/xnpst/.m2/repository/com/fasterxml/classmate/1.5.1/classmate-1.5.1.jar:/home/xnpst/.m2/repository/net/bytebuddy/byte-buddy/1.12.18/byte-buddy-1.12.18.jar:/home/xnpst/.m2/repository/jakarta/xml/bind/jakarta.xml.bind-api/3.0.1/jakarta.xml.bind-api-3.0.1.jar:/home/xnpst/.m2/repository/com/sun/activation/jakarta.activation/2.0.1/jakarta.activation-2.0.1.jar:/home/xnpst/.m2/repository/org/glassfish/jaxb/jaxb-runtime/3.0.2/jaxb-runtime-3.0.2.jar:/home/xnpst/.m2/repository/org/glassfish/jaxb/jaxb-core/3.0.2/jaxb-core-3.0.2.jar:/home/xnpst/.m2/repository/org/glassfish/jaxb/txw2/3.0.2/txw2-3.0.2.jar:/home/xnpst/.m2/repository/com/sun/istack/istack-commons-runtime/4.0.1/istack-commons-runtime-4.0.1.jar:/home/xnpst/.m2/repository/jakarta/inject/jakarta.inject-api/2.0.0/jakarta.inject-api-2.0.0.jar:/home/xnpst/.m2/repository/org/antlr/antlr4-runtime/4.10.1/antlr4-runtime-4.10.1.jar:/home/xnpst/.m2/repository/org/postgresql/postgresql/42.5.3/postgresql-42.5.3.jar:/home/xnpst/.m2/repository/org/checkerframework/checker-qual/3.5.0/checker-qual-3.5.0.jar:"/>
    <property name="sun.cpu.endian" value="little"/>
    <property name="user.home" value="/home/xnpst"/>
    <property name="user.language" value="en"/>
    <property name="java.specification.vendor" value="Oracle Corporation"/>
    <property name="java.version.date" value="2023-01-17"/>
    <property name="java.home" value="/home/xnpst/.jdks/openjdk-19.0.2"/>
    <property name="file.separator" value="/"/>
    <property name="basedir" value="/home/xnpst/IdeaProjects/webapp"/>
    <property name="java.vm.compressedOopsMode" value="32-bit"/>
    <property name="line.separator" value="&#10;"/>
    <property name="java.specification.name" value="Java Platform API Specification"/>
    <property name="java.vm.specification.vendor" value="Oracle Corporation"/>
    <property name="surefire.real.class.path" value="/home/xnpst/IdeaProjects/webapp/target/surefire/surefirebooter6163544990630240708.jar"/>
    <property name="sun.management.compiler" value="HotSpot 64-Bit Tiered Compilers"/>
    <property name="java.runtime.version" value="19.0.2+7-44"/>
    <property name="user.name" value="xnpst"/>
    <property name="stdout.encoding" value="UTF-8"/>
    <property name="path.separator" value=":"/>
    <property name="os.version" value="5.15.72-1-lts"/>
    <property name="java.runtime.name" value="OpenJDK Runtime Environment"/>
    <property name="file.encoding" value="UTF-8"/>
    <property name="java.vm.name" value="OpenJDK 64-Bit Server VM"/>
    <property name="localRepository" value="/home/xnpst/.m2/repository"/>
    <property name="java.vendor.url.bug" value="https://bugreport.java.com/bugreport/"/>
    <property name="java.io.tmpdir" value="/tmp"/>
    <property name="idea.version" value="2022.3.3"/>
    <property name="java.version" value="19.0.2"/>
    <property name="user.dir" value="/home/xnpst/IdeaProjects/webapp"/>
    <property name="os.arch" value="amd64"/>
    <property name="java.vm.specification.name" value="Java Virtual Machine Specification"/>
    <property name="native.encoding" value="UTF-8"/>
    <property name="java.library.path" value=":/usr/java/packages/lib:/usr/lib64:/lib64:/lib:/usr/lib"/>
    <property name="java.vm.info" value="mixed mode, sharing"/>
    <property name="stderr.encoding" value="UTF-8"/>
    <property name="java.vendor" value="Oracle Corporation"/>
    <property name="java.vm.version" value="19.0.2+7-44"/>
    <property name="sun.io.unicode.encoding" value="UnicodeLittle"/>
    <property name="java.class.version" value="63.0"/>
  </properties>
  <testcase name="shouldAnswerWithTrue" classname="com.jabaprac.webapp.AppTest" time="0.005"/>
</testsuite>